Release 14.7 - xst P.20131013 (nt)
Copyright (c) 1995-2013 Xilinx, Inc.  All rights reserved.
--> Parameter TMPDIR set to xst/projnav.tmp


Total REAL time to Xst completion: 0.00 secs
Total CPU time to Xst completion: 0.09 secs
 
--> Parameter xsthdpdir set to xst


Total REAL time to Xst completion: 0.00 secs
Total CPU time to Xst completion: 0.09 secs
 
--> Reading design: full_adder_4bit.prj

TABLE OF CONTENTS
  1) Synthesis Options Summary
  2) HDL Compilation
  3) Design Hierarchy Analysis
  4) HDL Analysis
  5) HDL Synthesis
     5.1) HDL Synthesis Report
  6) Advanced HDL Synthesis
     6.1) Advanced HDL Synthesis Report
  7) Low Level Synthesis
  8) Partition Report
  9) Final Report

=========================================================================
*                      Synthesis Options Summary                        *
=========================================================================
---- Source Parameters
Input File Name                    : "full_adder_4bit.prj"
Input Format                       : mixed
Ignore Synthesis Constraint File   : NO

---- Target Parameters
Output File Name                   : "full_adder_4bit"
Output Format                      : NGC
Target Device                      : CoolRunner2 CPLDs

---- Source Options
Top Module Name                    : full_adder_4bit
Automatic FSM Extraction           : YES
FSM Encoding Algorithm             : Auto
Safe Implementation                : No
Mux Extraction                     : Yes
Resource Sharing                   : YES

---- Target Options
Add IO Buffers                     : YES
MACRO Preserve                     : YES
XOR Preserve                       : YES
Equivalent register Removal        : YES

---- General Options
Optimization Goal                  : Speed
Optimization Effort                : 1
Keep Hierarchy                     : Yes
Netlist Hierarchy                  : As_Optimized
RTL Output                         : Yes
Hierarchy Separator                : /
Bus Delimiter                      : <>
Case Specifier                     : Maintain
Verilog 2001                       : YES

---- Other Options
Clock Enable                       : YES
wysiwyg                            : NO

=========================================================================


=========================================================================
*                          HDL Compilation                              *
=========================================================================
Compiling verilog file "full_adder.v" in library work
Compiling verilog file "full_adder_4bit.v" in library work
Module <full_adder> compiled
Module <full_adder_4bit> compiled
No errors in compilation
Analysis of file <"full_adder_4bit.prj"> succeeded.
 

=========================================================================
*                     Design Hierarchy Analysis                         *
=========================================================================
Analyzing hierarchy for module <full_adder_4bit> in library <work>.

Analyzing hierarchy for module <full_adder> in library <work>.


=========================================================================
*                            HDL Analysis                               *
=========================================================================
Analyzing top module <full_adder_4bit>.
Module <full_adder_4bit> is correct for synthesis.
 
Analyzing module <full_adder> in library <work>.
Module <full_adder> is correct for synthesis.
 

=========================================================================
*                           HDL Synthesis                               *
=========================================================================

Performing bidirectional port resolution...

Synthesizing Unit <full_adder>.
    Related source file is "full_adder.v".
    Found 1-bit xor3 for signal <s>.
Unit <full_adder> synthesized.


Synthesizing Unit <full_adder_4bit>.
    Related source file is "full_adder_4bit.v".
Unit <full_adder_4bit> synthesized.


=========================================================================
HDL Synthesis Report

Macro Statistics
# Xors                                                 : 4
 1-bit xor3                                            : 4

=========================================================================

=========================================================================
*                       Advanced HDL Synthesis                          *
=========================================================================


=========================================================================
Advanced HDL Synthesis Report

Macro Statistics
# Xors                                                 : 4
 1-bit xor3                                            : 4

=========================================================================

=========================================================================
*                         Low Level Synthesis                           *
=========================================================================

Optimizing unit <full_adder_4bit> ...

Optimizing unit <full_adder> ...

=========================================================================
*                           Partition Report                            *
=========================================================================

Partition Implementation Status
-------------------------------

  No Partitions were found in this design.

-------------------------------

=========================================================================
*                            Final Report                               *
=========================================================================
Final Results
RTL Top Level Output File Name     : full_adder_4bit.ngr
Top Level Output File Name         : full_adder_4bit
Output Format                      : NGC
Optimization Goal                  : Speed
Keep Hierarchy                     : Yes
Target Technology                  : CoolRunner2 CPLDs
Macro Preserve                     : YES
XOR Preserve                       : YES
Clock Enable                       : YES
wysiwyg                            : NO

Design Statistics
# IOs                              : 13

Cell Usage :
# BELS                             : 31
#      AND2                        : 10
#      INV                         : 8
#      OR2                         : 6
#      XOR2                        : 7
# IO Buffers                       : 13
#      IBUF                        : 8
#      OBUF                        : 5
=========================================================================


Total REAL time to Xst completion: 3.00 secs
Total CPU time to Xst completion: 3.18 secs
 
--> 

Total memory usage is 195588 kilobytes

Number of errors   :    0 (   0 filtered)
Number of warnings :    1 (   0 filtered)
Number of infos    :    0 (   0 filtered)

